# JRE version: OpenJDK Runtime Environment (8.0_76-b03) (build 1.8.0_76-release-b03)
# Java VM: OpenJDK 64-Bit Server VM (25.76-b03 mixed mode windows-amd64 compressed oops)
Heap:
 PSYoungGen      total 61952K, used 54076K [0x00000000e0000000, 0x00000000e4b80000, 0x0000000100000000)
  eden space 57344K, 86% used [0x00000000e0000000,0x00000000e305b050,0x00000000e3800000)
  from space 4608K, 98% used [0x00000000e4700000,0x00000000e4b74190,0x00000000e4b80000)
  to   space 7168K, 0% used [0x00000000e3d80000,0x00000000e3d80000,0x00000000e4480000)
 ParOldGen       total 33792K, used 8593K [0x00000000a0000000, 0x00000000a2100000, 0x00000000e0000000)
  object space 33792K, 25% used [0x00000000a0000000,0x00000000a0864570,0x00000000a2100000)
 Metaspace       used 27436K, capacity 28044K, committed 28336K, reserved 1073152K
  class space    used 3772K, capacity 3943K, committed 4016K, reserved 1048576K
GC Heap History (10 events):
Event: 7.648 GC heap before
{Heap before GC invocations=5 (full 0):
 PSYoungGen      total 18944K, used 18912K [0x00000000e0000000, 0x00000000e1500000, 0x0000000100000000)
  eden space 16384K, 100% used [0x00000000e0000000,0x00000000e1000000,0x00000000e1000000)
  from space 2560K, 98% used [0x00000000e1280000,0x00000000e14f8040,0x00000000e1500000)
  to   space 2560K, 0% used [0x00000000e1000000,0x00000000e1000000,0x00000000e1280000)
 ParOldGen       total 44032K, used 4409K [0x00000000a0000000, 0x00000000a2b00000, 0x00000000e0000000)
  object space 44032K, 10% used [0x00000000a0000000,0x00000000a044e6c8,0x00000000a2b00000)
 Metaspace       used 17113K, capacity 17488K, committed 17792K, reserved 1064960K
  class space    used 2240K, capacity 2369K, committed 2432K, reserved 1048576K
Event: 7.657 GC heap after
Heap after GC invocations=5 (full 0):
 PSYoungGen      total 18944K, used 2528K [0x00000000e0000000, 0x00000000e2e00000, 0x0000000100000000)
  eden space 16384K, 0% used [0x00000000e0000000,0x00000000e0000000,0x00000000e1000000)
  from space 2560K, 98% used [0x00000000e1000000,0x00000000e1278020,0x00000000e1280000)
  to   space 7168K, 0% used [0x00000000e2700000,0x00000000e2700000,0x00000000e2e00000)
 ParOldGen       total 44032K, used 8338K [0x00000000a0000000, 0x00000000a2b00000, 0x00000000e0000000)
  object space 44032K, 18% used [0x00000000a0000000,0x00000000a0824ae8,0x00000000a2b00000)
 Metaspace       used 17113K, capacity 17488K, committed 17792K, reserved 1064960K
  class space    used 2240K, capacity 2369K, committed 2432K, reserved 1048576K
}
Event: 8.248 GC heap before
{Heap before GC invocations=6 (full 0):
 PSYoungGen      total 18944K, used 18912K [0x00000000e0000000, 0x00000000e2e00000, 0x0000000100000000)
  eden space 16384K, 100% used [0x00000000e0000000,0x00000000e1000000,0x00000000e1000000)
  from space 2560K, 98% used [0x00000000e1000000,0x00000000e1278020,0x00000000e1280000)
  to   space 7168K, 0% used [0x00000000e2700000,0x00000000e2700000,0x00000000e2e00000)
 ParOldGen       total 44032K, used 8338K [0x00000000a0000000, 0x00000000a2b00000, 0x00000000e0000000)
  object space 44032K, 18% used [0x00000000a0000000,0x00000000a0824ae8,0x00000000a2b00000)
 Metaspace       used 18930K, capacity 19396K, committed 19584K, reserved 1067008K
  class space    used 2526K, capacity 2676K, committed 2688K, reserved 1048576K
Event: 8.262 GC heap after
Heap after GC invocations=6 (full 0):
 PSYoungGen      total 39936K, used 4755K [0x00000000e0000000, 0x00000000e2e00000, 0x0000000100000000)
  eden space 32768K, 0% used [0x00000000e0000000,0x00000000e0000000,0x00000000e2000000)
  from space 7168K, 66% used [0x00000000e2700000,0x00000000e2ba4fd0,0x00000000e2e00000)
  to   space 7168K, 0% used [0x00000000e2000000,0x00000000e2000000,0x00000000e2700000)
 ParOldGen       total 44032K, used 8346K [0x00000000a0000000, 0x00000000a2b00000, 0x00000000e0000000)
  object space 44032K, 18% used [0x00000000a0000000,0x00000000a0826ae8,0x00000000a2b00000)
 Metaspace       used 18930K, capacity 19396K, committed 19584K, reserved 1067008K
  class space    used 2526K, capacity 2676K, committed 2688K, reserved 1048576K
}
Event: 8.833 GC heap before
{Heap before GC invocations=7 (full 0):
 PSYoungGen      total 39936K, used 24300K [0x00000000e0000000, 0x00000000e2e00000, 0x0000000100000000)
  eden space 32768K, 59% used [0x00000000e0000000,0x00000000e13162a8,0x00000000e2000000)
  from space 7168K, 66% used [0x00000000e2700000,0x00000000e2ba4fd0,0x00000000e2e00000)
  to   space 7168K, 0% used [0x00000000e2000000,0x00000000e2000000,0x00000000e2700000)
 ParOldGen       total 44032K, used 8346K [0x00000000a0000000, 0x00000000a2b00000, 0x00000000e0000000)
  object space 44032K, 18% used [0x00000000a0000000,0x00000000a0826ae8,0x00000000a2b00000)
 Metaspace       used 20785K, capacity 21234K, committed 21296K, reserved 1067008K
  class space    used 2702K, capacity 2832K, committed 2864K, reserved 1048576K
Event: 8.848 GC heap after
Heap after GC invocations=7 (full 0):
 PSYoungGen      total 39936K, used 5405K [0x00000000e0000000, 0x00000000e4e00000, 0x0000000100000000)
  eden space 32768K, 0% used [0x00000000e0000000,0x00000000e0000000,0x00000000e2000000)
  from space 7168K, 75% used [0x00000000e2000000,0x00000000e25476d0,0x00000000e2700000)
  to   space 7168K, 0% used [0x00000000e4700000,0x00000000e4700000,0x00000000e4e00000)
 ParOldGen       total 44032K, used 8842K [0x00000000a0000000, 0x00000000a2b00000, 0x00000000e0000000)
  object space 44032K, 20% used [0x00000000a0000000,0x00000000a08a2b28,0x00000000a2b00000)
 Metaspace       used 20785K, capacity 21234K, committed 21296K, reserved 1067008K
  class space    used 2702K, capacity 2832K, committed 2864K, reserved 1048576K
}
Event: 8.848 GC heap before
{Heap before GC invocations=8 (full 1):
 PSYoungGen      total 39936K, used 5405K [0x00000000e0000000, 0x00000000e4e00000, 0x0000000100000000)
  eden space 32768K, 0% used [0x00000000e0000000,0x00000000e0000000,0x00000000e2000000)
  from space 7168K, 75% used [0x00000000e2000000,0x00000000e25476d0,0x00000000e2700000)
  to   space 7168K, 0% used [0x00000000e4700000,0x00000000e4700000,0x00000000e4e00000)
 ParOldGen       total 44032K, used 8842K [0x00000000a0000000, 0x00000000a2b00000, 0x00000000e0000000)
  object space 44032K, 20% used [0x00000000a0000000,0x00000000a08a2b28,0x00000000a2b00000)
 Metaspace       used 20785K, capacity 21234K, committed 21296K, reserved 1067008K
  class space    used 2702K, capacity 2832K, committed 2864K, reserved 1048576K
Event: 8.903 GC heap after
Heap after GC invocations=8 (full 1):
 PSYoungGen      total 39936K, used 0K [0x00000000e0000000, 0x00000000e4e00000, 0x0000000100000000)
  eden space 32768K, 0% used [0x00000000e0000000,0x00000000e0000000,0x00000000e2000000)
  from space 7168K, 0% used [0x00000000e2000000,0x00000000e2000000,0x00000000e2700000)
  to   space 7168K, 0% used [0x00000000e4700000,0x00000000e4700000,0x00000000e4e00000)
 ParOldGen       total 33792K, used 8593K [0x00000000a0000000, 0x00000000a2100000, 0x00000000e0000000)
  object space 33792K, 25% used [0x00000000a0000000,0x00000000a0864570,0x00000000a2100000)
 Metaspace       used 20785K, capacity 21234K, committed 21296K, reserved 1067008K
  class space    used 2702K, capacity 2832K, committed 2864K, reserved 1048576K
}
Event: 9.498 GC heap before
{Heap before GC invocations=9 (full 1):
 PSYoungGen      total 39936K, used 32768K [0x00000000e0000000, 0x00000000e4e00000, 0x0000000100000000)
  eden space 32768K, 100% used [0x00000000e0000000,0x00000000e2000000,0x00000000e2000000)
  from space 7168K, 0% used [0x00000000e2000000,0x00000000e2000000,0x00000000e2700000)
  to   space 7168K, 0% used [0x00000000e4700000,0x00000000e4700000,0x00000000e4e00000)
 ParOldGen       total 33792K, used 8593K [0x00000000a0000000, 0x00000000a2100000, 0x00000000e0000000)
  object space 33792K, 25% used [0x00000000a0000000,0x00000000a0864570,0x00000000a2100000)
 Metaspace       used 23502K, capacity 24118K, committed 24368K, reserved 1071104K
  class space    used 3141K, capacity 3323K, committed 3376K, reserved 1048576K
Event: 9.513 GC heap after
Heap after GC invocations=9 (full 1):
 PSYoungGen      total 61952K, used 4560K [0x00000000e0000000, 0x00000000e4b80000, 0x0000000100000000)
  eden space 57344K, 0% used [0x00000000e0000000,0x00000000e0000000,0x00000000e3800000)
  from space 4608K, 98% used [0x00000000e4700000,0x00000000e4b74190,0x00000000e4b80000)
  to   space 7168K, 0% used [0x00000000e3d80000,0x00000000e3d80000,0x00000000e4480000)
 ParOldGen       total 33792K, used 8593K [0x00000000a0000000, 0x00000000a2100000, 0x00000000e0000000)
  object space 33792K, 25% used [0x00000000a0000000,0x00000000a0864570,0x00000000a2100000)
 Metaspace       used 23502K, capacity 24118K, committed 24368K, reserved 1071104K
  class space    used 3141K, capacity 3323K, committed 3376K, reserved 1048576K
}

